<?xml version="1.0" encoding="UTF-8"?>
<!-- Generated by org.testng.reporters.JUnitReportReporter -->
<testsuite hostname="SaiKiran" failures="0" tests="5" name="com.Rest_Assurd.Test1" time="11.661" errors="0" timestamp="2026-04-23T10:40:43 IST" skipped="0">
  <testcase classname="com.Rest_Assurd.Test1" name="SingleProduct" time="3.760"/>
  <testcase classname="com.Rest_Assurd.Test1" name="testAddPlace" time="0.334"/>
  <testcase classname="com.Rest_Assurd.Test1" name="getPlace" time="1.890"/>
  <testcase classname="com.Rest_Assurd.Test1" name="updatePlace" time="2.836"/>
  <testcase classname="com.Rest_Assurd.Test1" name="deletePlace" time="2.841"/>
</testsuite> <!-- com.Rest_Assurd.Test1 -->
